  Camera.cpp
  Geometry.cpp
  Main.cpp
  MCG_GFX_Lib.cpp
c:\users\cosmin\desktop\mathsa2\projectfiles\mcg_gfx_framework\mcg_gfx_lib.cpp(35): warning C4244: 'argument': conversion from 'T' to 'int', possible loss of data
          with
          [
              T=float
          ]
c:\users\cosmin\desktop\mathsa2\projectfiles\mcg_gfx_framework\mcg_gfx_lib.cpp(82): warning C4244: 'argument': conversion from 'T' to 'Uint8', possible loss of data
          with
          [
              T=float
          ]
c:\users\cosmin\desktop\mathsa2\projectfiles\mcg_gfx_framework\mcg_gfx_lib.cpp(91): warning C4244: 'argument': conversion from 'T' to 'Uint8', possible loss of data
          with
          [
              T=float
          ]
c:\users\cosmin\desktop\mathsa2\projectfiles\mcg_gfx_framework\mcg_gfx_lib.cpp(93): warning C4244: 'argument': conversion from 'T' to 'int', possible loss of data
          with
          [
              T=float
          ]
  Ray.cpp
  Sphere.cpp
  Tracer.cpp
  UTILITY.cpp
  Generating code
  200 of 203 functions (98.5%) were compiled, the rest were copied from previous compilation.
    1 functions were new in current compilation
    0 functions had inline decision re-evaluated but remain unchanged
  Finished generating code
  MCG_GFX_Framework.vcxproj -> C:\Users\Cosmin\Desktop\MathsA2\ProjectFiles\Release\MCG_GFX_Framework.exe
